# JRE version: OpenJDK Runtime Environment (12.0+32) (build 12+32)
# Java VM: OpenJDK 64-Bit Server VM (12+32, mixed mode, sharing, tiered, compressed oops, g1 gc, windows-amd64)
Heap:
 garbage-first heap   total 260096K, used 159084K [0x0000000702e00000, 0x0000000800000000)
  region size 1024K, 152 young (155648K), 4 survivors (4096K)
 Metaspace       used 9731K, capacity 10159K, committed 10240K, reserved 1058816K
  class space    used 1052K, capacity 1269K, committed 1280K, reserved 1048576K
GC Heap History (10 events):
Event: 868.752 GC heap after
{Heap after GC invocations=375 (full 0):
 garbage-first heap   total 260096K, used 7393K [0x0000000702e00000, 0x0000000800000000)
  region size 1024K, 4 young (4096K), 4 survivors (4096K)
 Metaspace       used 9703K, capacity 10151K, committed 10240K, reserved 1058816K
  class space    used 1051K, capacity 1267K, committed 1280K, reserved 1048576K
}
Event: 871.422 GC heap before
{Heap before GC invocations=375 (full 0):
 garbage-first heap   total 260096K, used 158945K [0x0000000702e00000, 0x0000000800000000)
  region size 1024K, 152 young (155648K), 4 survivors (4096K)
 Metaspace       used 9703K, capacity 10151K, committed 10240K, reserved 1058816K
  class space    used 1051K, capacity 1267K, committed 1280K, reserved 1048576K
}
Event: 871.424 GC heap after
{Heap after GC invocations=376 (full 0):
 garbage-first heap   total 260096K, used 7393K [0x0000000702e00000, 0x0000000800000000)
  region size 1024K, 4 young (4096K), 4 survivors (4096K)
 Metaspace       used 9703K, capacity 10151K, committed 10240K, reserved 1058816K
  class space    used 1051K, capacity 1267K, committed 1280K, reserved 1048576K
}
Event: 874.401 GC heap before
{Heap before GC invocations=376 (full 0):
 garbage-first heap   total 260096K, used 158945K [0x0000000702e00000, 0x0000000800000000)
  region size 1024K, 152 young (155648K), 4 survivors (4096K)
 Metaspace       used 9703K, capacity 10151K, committed 10240K, reserved 1058816K
  class space    used 1051K, capacity 1267K, committed 1280K, reserved 1048576K
}
Event: 874.403 GC heap after
{Heap after GC invocations=377 (full 0):
 garbage-first heap   total 260096K, used 7498K [0x0000000702e00000, 0x0000000800000000)
  region size 1024K, 4 young (4096K), 4 survivors (4096K)
 Metaspace       used 9703K, capacity 10151K, committed 10240K, reserved 1058816K
  class space    used 1051K, capacity 1267K, committed 1280K, reserved 1048576K
}
Event: 877.713 GC heap before
{Heap before GC invocations=377 (full 0):
 garbage-first heap   total 260096K, used 159050K [0x0000000702e00000, 0x0000000800000000)
  region size 1024K, 152 young (155648K), 4 survivors (4096K)
 Metaspace       used 9725K, capacity 10157K, committed 10240K, reserved 1058816K
  class space    used 1052K, capacity 1269K, committed 1280K, reserved 1048576K
}
Event: 877.715 GC heap after
{Heap after GC invocations=378 (full 0):
 garbage-first heap   total 260096K, used 7719K [0x0000000702e00000, 0x0000000800000000)
  region size 1024K, 4 young (4096K), 4 survivors (4096K)
 Metaspace       used 9725K, capacity 10157K, committed 10240K, reserved 1058816K
  class space    used 1052K, capacity 1269K, committed 1280K, reserved 1048576K
}
Event: 880.705 GC heap before
{Heap before GC invocations=378 (full 0):
 garbage-first heap   total 260096K, used 159271K [0x0000000702e00000, 0x0000000800000000)
  region size 1024K, 152 young (155648K), 4 survivors (4096K)
 Metaspace       used 9731K, capacity 10159K, committed 10240K, reserved 1058816K
  class space    used 1052K, capacity 1269K, committed 1280K, reserved 1048576K
}
Event: 880.706 GC heap after
{Heap after GC invocations=379 (full 0):
 garbage-first heap   total 260096K, used 7532K [0x0000000702e00000, 0x0000000800000000)
  region size 1024K, 4 young (4096K), 4 survivors (4096K)
 Metaspace       used 9731K, capacity 10159K, committed 10240K, reserved 1058816K
  class space    used 1052K, capacity 1269K, committed 1280K, reserved 1048576K
}
Event: 883.557 GC heap before
{Heap before GC invocations=379 (full 0):
 garbage-first heap   total 260096K, used 159084K [0x0000000702e00000, 0x0000000800000000)
  region size 1024K, 152 young (155648K), 4 survivors (4096K)
 Metaspace       used 9731K, capacity 10159K, committed 10240K, reserved 1058816K
  class space    used 1052K, capacity 1269K, committed 1280K, reserved 1048576K
}

