# JRE version: OpenJDK Runtime Environment (12.0+32) (build 12+32)
# Java VM: OpenJDK 64-Bit Server VM (12+32, mixed mode, sharing, tiered, compressed oops, g1 gc, windows-amd64)
Heap:
 garbage-first heap   total 260096K, used 68938K [0x0000000702e00000, 0x0000000800000000)
  region size 1024K, 69 young (70656K), 3 survivors (3072K)
 Metaspace       used 7275K, capacity 7575K, committed 7680K, reserved 1056768K
  class space    used 794K, capacity 945K, committed 1024K, reserved 1048576K
GC Heap History (8 events):
Event: 5.880 GC heap before
{Heap before GC invocations=0 (full 0):
 garbage-first heap   total 260096K, used 23552K [0x0000000702e00000, 0x0000000800000000)
  region size 1024K, 24 young (24576K), 0 survivors (0K)
 Metaspace       used 6704K, capacity 7013K, committed 7040K, reserved 1056768K
  class space    used 728K, capacity 873K, committed 896K, reserved 1048576K
}
Event: 5.882 GC heap after
{Heap after GC invocations=1 (full 0):
 garbage-first heap   total 260096K, used 2209K [0x0000000702e00000, 0x0000000800000000)
  region size 1024K, 3 young (3072K), 3 survivors (3072K)
 Metaspace       used 6704K, capacity 7013K, committed 7040K, reserved 1056768K
  class space    used 728K, capacity 873K, committed 896K, reserved 1048576K
}
Event: 50.294 GC heap before
{Heap before GC invocations=1 (full 0):
 garbage-first heap   total 260096K, used 154785K [0x0000000702e00000, 0x0000000800000000)
  region size 1024K, 152 young (155648K), 3 survivors (3072K)
 Metaspace       used 6942K, capacity 7236K, committed 7296K, reserved 1056768K
  class space    used 742K, capacity 883K, committed 896K, reserved 1048576K
}
Event: 50.295 GC heap after
{Heap after GC invocations=2 (full 0):
 garbage-first heap   total 260096K, used 2374K [0x0000000702e00000, 0x0000000800000000)
  region size 1024K, 3 young (3072K), 3 survivors (3072K)
 Metaspace       used 6942K, capacity 7236K, committed 7296K, reserved 1056768K
  class space    used 742K, capacity 883K, committed 896K, reserved 1048576K
}
Event: 106.250 GC heap before
{Heap before GC invocations=2 (full 0):
 garbage-first heap   total 260096K, used 154950K [0x0000000702e00000, 0x0000000800000000)
  region size 1024K, 152 young (155648K), 3 survivors (3072K)
 Metaspace       used 7074K, capacity 7338K, committed 7552K, reserved 1056768K
  class space    used 758K, capacity 893K, committed 896K, reserved 1048576K
}
Event: 106.252 GC heap after
{Heap after GC invocations=3 (full 0):
 garbage-first heap   total 260096K, used 2320K [0x0000000702e00000, 0x0000000800000000)
  region size 1024K, 3 young (3072K), 3 survivors (3072K)
 Metaspace       used 7074K, capacity 7338K, committed 7552K, reserved 1056768K
  class space    used 758K, capacity 893K, committed 896K, reserved 1048576K
}
Event: 150.511 GC heap before
{Heap before GC invocations=3 (full 0):
 garbage-first heap   total 260096K, used 154896K [0x0000000702e00000, 0x0000000800000000)
  region size 1024K, 152 young (155648K), 3 survivors (3072K)
 Metaspace       used 7223K, capacity 7556K, committed 7680K, reserved 1056768K
  class space    used 786K, capacity 940K, committed 1024K, reserved 1048576K
}
Event: 150.513 GC heap after
{Heap after GC invocations=4 (full 0):
 garbage-first heap   total 260096K, used 2378K [0x0000000702e00000, 0x0000000800000000)
  region size 1024K, 3 young (3072K), 3 survivors (3072K)
 Metaspace       used 7223K, capacity 7556K, committed 7680K, reserved 1056768K
  class space    used 786K, capacity 940K, committed 1024K, reserved 1048576K
}

